#
# A fatal error has been detected by the Java Runtime Environment:
#
#  SIGSEGV (0xb) at pc=0x0000000125a84264, pid=20232, tid=0x0000000000000307
#
# JRE version: Java(TM) SE Runtime Environment (8.0_151-b12) (build 1.8.0_151-b12)
# Java VM: Java HotSpot(TM) 64-Bit Server VM (25.151-b12 mixed mode bsd-amd64 compressed oops)
# Problematic frame:
# C  [libglass.dylib+0x5264]  -[GlassApplication applicationWillHide:]+0xd4
#
# Failed to write core dump. Core dumps have been disabled. To enable core dumping, try "ulimit -c unlimited" before starting Java again
#
# If you would like to submit a bug report, please visit:
#   http://bugreport.java.com/bugreport/crash.jsp
#

---------------  T H R E A D  ---------------

Current thread is native thread

siginfo: si_signo: 11 (SIGSEGV), si_code: 1 (SEGV_MAPERR), si_addr: 0x0000000000000000

Registers:
RAX=0x00007fd07a7421a0, RBX=0x0000000000000000, RCX=0x0000000000000008, RDX=0x0000000000000000
RSP=0x00007ffee3a84de0, RBP=0x00007ffee3a85210, RSI=0x00007fff3ecc1ba0, RDI=0x00007fd07a800088
R8 =0x0000000000000000, R9 =0x00007fd07a7421a0, R10=0x00007fff99b791c0, R11=0x00007fd07a707da0
R12=0x00007fff6cc82a00, R13=0x0000000125ac8550, R14=0x00007fd07a752590, R15=0x00007fd07a7421a0
RIP=0x0000000125a84264, EFLAGS=0x0000000000010202, ERR=0x0000000000000004
  TRAPNO=0x000000000000000e

Top of Stack: (sp=0x00007ffee3a84de0)
0x00007ffee3a84de0:   0000000125a84205 00007fff40be73f2
0x00007ffee3a84df0:   00007fff40be736c 00007fff40be728d
0x00007ffee3a84e00:   00007fff40bef6d9 00007fff40b56e8a
0x00007ffee3a84e10:   00007fff40b5624d 00007fff42ede98b
0x00007ffee3a84e20:   00007fff3e115288 00007fff3e1150f1
0x00007ffee3a84e30:   00007fff3fe19b79 00007fff3fe18eb6
0x00007ffee3a84e40:   00007fff3fe3631d 00007fff3e0d83aa
0x00007ffee3a84e50:   00007fff3e0d6c56 00007fff3e0d0cb9
0x00007ffee3a84e60:   000000012852814d 0000000128a3fedf
0x00007ffee3a84e70:   00007fff42f7eabb 00007fff40ba0155
0x00007ffee3a84e80:   00007fff40ba00fb 00007fff40b83b95
0x00007ffee3a84e90:   00007fff40b8313e 00007fff40b82a28
0x00007ffee3a84ea0:   000000010c17c465 000000010c17818c
0x00007ffee3a84eb0:   000000010c17e4c2 000000010c1779e4
0x00007ffee3a84ec0:   0000000000000006 0000000000000000
0x00007ffee3a84ed0:   0000000000000000 0000000000000000
0x00007ffee3a84ee0:   0000000000000000 0000000000000000
0x00007ffee3a84ef0:   0000000000000000 0000000000000000
0x00007ffee3a84f00:   0000000000000000 0000000000000000
0x00007ffee3a84f10:   0000000000000000 0000000000000000
0x00007ffee3a84f20:   0000000000000000 0000000000000000
0x00007ffee3a84f30:   0000000000000000 0000000000000000
0x00007ffee3a84f40:   00007fffa0968a88 ffff802f85bc7540
0x00007ffee3a84f50:   0000000000000001 00007fd07a438ac0
0x00007ffee3a84f60:   00007ffee3a84fb0 00007fff6cc8ad45
0x00007ffee3a84f70:   ffff802f85bc7540 00007fd07e816850
0x00007ffee3a84f80:   00007fd07a800070 00007fd07a800010
0x00007ffee3a84f90:   a3a3a3a3a3a3a3a3 0000000000000002
0x00007ffee3a84fa0:   00007fd07a800068 00007fd07a800000
0x00007ffee3a84fb0:   00007ffee3a85400 00007fff6cc85c9a
0x00007ffee3a84fc0:   0000000000000000 0000000000000000
0x00007ffee3a84fd0:   0000000000000000 0000000000000000 

Instructions: (pc=0x0000000125a84264)
0x0000000125a84244:   8b 35 86 f3 03 00 4c 8b 25 2f 7f 03 00 41 ff d4
0x0000000125a84254:   48 8b 35 25 f3 03 00 48 89 c7 41 ff d4 49 89 c7
0x0000000125a84264:   48 8b 03 4c 8b a8 e8 01 00 00 48 8b 05 6b 10 04
0x0000000125a84274:   00 4d 8b 34 06 48 8b 3d 80 05 04 00 48 8b 35 81 

Register to memory mapping:

RAX=0x00007fd07a7421a0 is an unknown value
RBX=0x0000000000000000 is an unknown value
RCX=0x0000000000000008 is an unknown value
RDX=0x0000000000000000 is an unknown value
RSP=0x00007ffee3a84de0 is an unknown value
RBP=0x00007ffee3a85210 is an unknown value
RSI=0x00007fff3ecc1ba0: GCC_except_table7+0x44 in /System/Library/Frameworks/AppKit.framework/Versions/C/AppKit at 0x00007fff3e0bd000
RDI=0x00007fd07a800088 is an unknown value
R8 =0x0000000000000000 is an unknown value
R9 =0x00007fd07a7421a0 is an unknown value
R10=0x00007fff99b791c0: OBJC_CLASS_$_NSAutoreleasePool+0 in /System/Library/Frameworks/Foundation.framework/Versions/C/Foundation at 0x00007fff42ecd000
R11=0x00007fd07a707da0 is an unknown value
R12=0x00007fff6cc82a00: objc_msgSend+0 in /usr/lib/libobjc.A.dylib at 0x00007fff6cc7b000
R13=0x0000000125ac8550: jEnv+0 in /Library/Java/JavaVirtualMachines/jdk1.8.0_151.jdk/Contents/Home/jre/lib/libglass.dylib at 0x0000000125a7f000
R14=0x00007fd07a752590 is an unknown value
R15=0x00007fd07a7421a0 is an unknown value


Stack: [0x00007ffee328a000,0x00007ffee3a8a000],  sp=0x00007ffee3a84de0,  free space=8171k
Native frames: (J=compiled Java code, j=interpreted, Vv=VM code, C=native code)
C  [libglass.dylib+0x5264]  -[GlassApplication applicationWillHide:]+0xd4
C  [CoreFoundation+0x9f3f2]  __CFNOTIFICATIONCENTER_IS_CALLING_OUT_TO_AN_OBSERVER__+0xc
C  [CoreFoundation+0x9f36c]  ___CFXRegistrationPost_block_invoke+0x3f
C  [CoreFoundation+0x9f28d]  _CFXRegistrationPost+0x18e
C  [CoreFoundation+0xa76d9]  ___CFXNotificationPost_block_invoke+0x57
C  [CoreFoundation+0xee8a]  -[_CFXNotificationRegistrar find:object:observer:enumerator:]+0x661
C  [CoreFoundation+0xe24d]  _CFXNotificationPost+0x2e6
C  [Foundation+0x1198b]  -[NSNotificationCenter postNotificationName:object:userInfo:]+0x42
C  [AppKit+0x58288]  -[NSApplication _doHideMaybeFakingIt:]+0x111
C  [AppKit+0x580f1]  _hideShowHandler+0x89
C  [HIToolbox+0x8b79]  _ZL23DispatchEventToHandlersP14EventTargetRecP14OpaqueEventRefP14HandlerCallRec+0x5de
C  [HIToolbox+0x7eb6]  _ZL30SendEventToEventTargetInternalP14OpaqueEventRefP20OpaqueEventTargetRefP14HandlerCallRec+0x173
C  [HIToolbox+0x2531d]  SendEventToEventTarget+0x27
C  [AppKit+0x1b3aa]  _DPSNextEvent+0x8d8
C  [AppKit+0x19c56]  -[NSApplication(NSEvent) _nextEventMatchingEventMask:untilDate:inMode:dequeue:]+0x552
C  [AppKit+0x13cb9]  -[NSApplication run]+0x2bb
C  [libosxapp.dylib+0x214d]  +[NSApplicationAWT runAWTLoopWithApp:]+0x9c
C  [libawt_lwawt.dylib+0x45edf]  -[AWTStarter starter:]+0x389
C  [Foundation+0xb1abb]  __NSThreadPerformPerform+0x147
C  [CoreFoundation+0x58155]  __CFRUNLOOP_IS_CALLING_OUT_TO_A_SOURCE0_PERFORM_FUNCTION__+0x11
C  [CoreFoundation+0x580fb]  __CFRunLoopDoSource0+0x6c
C  [CoreFoundation+0x3bb95]  __CFRunLoopDoSources0+0xc3
C  [CoreFoundation+0x3b13e]  __CFRunLoopRun+0x4c3
C  [CoreFoundation+0x3aa28]  CFRunLoopRunSpecific+0x1cf
C  [java+0x6465]  CreateExecutionEnvironment+0x367
C  [java+0x218c]  JLI_Launch+0x7a0
C  [java+0x84c2]  main+0x65
C  [java+0x19e4]  start+0x34


---------------  P R O C E S S  ---------------

VM state:not at safepoint (normal execution)

VM Mutex/Monitor currently owned by a thread: None

Heap:
 PSYoungGen      total 38400K, used 33065K [0x0000000795580000, 0x0000000798000000, 0x00000007c0000000)
  eden space 33280K, 87% used [0x0000000795580000,0x00000007972167c8,0x0000000797600000)
  from space 5120K, 74% used [0x0000000797600000,0x00000007979b4030,0x0000000797b00000)
  to   space 5120K, 0% used [0x0000000797b00000,0x0000000797b00000,0x0000000798000000)
 ParOldGen       total 87552K, used 80K [0x0000000740000000, 0x0000000745580000, 0x0000000795580000)
  object space 87552K, 0% used [0x0000000740000000,0x0000000740014010,0x0000000745580000)
 Metaspace       used 19530K, capacity 20670K, committed 20864K, reserved 1067008K
  class space    used 2721K, capacity 2941K, committed 2944K, reserved 1048576K

Card table byte_map: [0x000000011cf3b000,0x000000011d33c000] byte_map_base: 0x000000011953b000

Marking Bits: (ParMarkBitMap*) 0x000000010d2f35d0
 Begin Bits: [0x000000011d5e7000, 0x000000011f5e7000)
 End Bits:   [0x000000011f5e7000, 0x00000001215e7000)

Polling page: 0x000000010c1e4000

CodeCache: size=245760Kb used=8220Kb max_used=8227Kb free=237540Kb
 bounds [0x000000010db7b000, 0x000000010e38b000, 0x000000011cb7b000]
 total_blobs=3416 nmethods=2731 adapters=598
 compilation: enabled

Compilation events (10 events):
Event: 152.644 Thread 0x00007fd07b850000 2756       3       java.util.Collections::emptyIterator (4 bytes)
Event: 152.644 Thread 0x00007fd07b850000 nmethod 2756 0x000000010e374910 code [0x000000010e374a60, 0x000000010e374b90]
Event: 153.033 Thread 0x00007fd07b84f000 2758       4       javafx.css.CssMetaData::hashCode (28 bytes)
Event: 153.033 Thread 0x00007fd07b850000 2759       1       com.sun.javafx.scene.control.skin.LabeledText::access$100 (5 bytes)
Event: 153.033 Thread 0x00007fd07b850000 nmethod 2759 0x000000010e374650 code [0x000000010e3747a0, 0x000000010e374890]
Event: 153.037 Thread 0x00007fd07b84f000 nmethod 2758 0x000000010e386d90 code [0x000000010e386ee0, 0x000000010e387098]
Event: 154.491 Thread 0x00007fd07b850000 2760       3       javafx.scene.Node::pseudoClassStateChanged (59 bytes)
Event: 154.492 Thread 0x00007fd07b850000 nmethod 2760 0x000000010e373c10 code [0x000000010e373dc0, 0x000000010e3743f8]
Event: 157.192 Thread 0x00007fd07b850000 2761       3       java.lang.StringCoding::deref (19 bytes)
Event: 157.192 Thread 0x00007fd07b850000 nmethod 2761 0x000000010e373490 code [0x000000010e373620, 0x000000010e373ac8]

GC Heap History (2 events):
Event: 1.173 GC heap before
{Heap before GC invocations=1 (full 0):
 PSYoungGen      total 38400K, used 33280K [0x0000000795580000, 0x0000000798000000, 0x00000007c0000000)
  eden space 33280K, 100% used [0x0000000795580000,0x0000000797600000,0x0000000797600000)
  from space 5120K, 0% used [0x0000000797b00000,0x0000000797b00000,0x0000000798000000)
  to   space 5120K, 0% used [0x0000000797600000,0x0000000797600000,0x0000000797b00000)
 ParOldGen       total 87552K, used 0K [0x0000000740000000, 0x0000000745580000, 0x0000000795580000)
  object space 87552K, 0% used [0x0000000740000000,0x0000000740000000,0x0000000745580000)
 Metaspace       used 13031K, capacity 13462K, committed 13696K, reserved 1060864K
  class space    used 1750K, capacity 1880K, committed 1920K, reserved 1048576K
Event: 1.179 GC heap after
Heap after GC invocations=1 (full 0):
 PSYoungGen      total 38400K, used 3792K [0x0000000795580000, 0x0000000798000000, 0x00000007c0000000)
  eden space 33280K, 0% used [0x0000000795580000,0x0000000795580000,0x0000000797600000)
  from space 5120K, 74% used [0x0000000797600000,0x00000007979b4030,0x0000000797b00000)
  to   space 5120K, 0% used [0x0000000797b00000,0x0000000797b00000,0x0000000798000000)
 ParOldGen       total 87552K, used 80K [0x0000000740000000, 0x0000000745580000, 0x0000000795580000)
  object space 87552K, 0% used [0x0000000740000000,0x0000000740014010,0x0000000745580000)
 Metaspace       used 13031K, capacity 13462K, committed 13696K, reserved 1060864K
  class space    used 1750K, capacity 1880K, committed 1920K, reserved 1048576K
}

Deoptimization events (10 events):
Event: 2.996 Thread 0x00007fd07c183800 Uncommon trap: reason=unstable_if action=reinterpret pc=0x000000010df5f9f0 method=java.util.HashMap.isEmpty()Z @ 4
Event: 3.002 Thread 0x00007fd07c183800 Uncommon trap: reason=unstable_if action=reinterpret pc=0x000000010deea03c method=jdk.internal.org.objectweb.asm.Type.getArgumentsAndReturnSizes(Ljava/lang/String;)I @ 47
Event: 3.063 Thread 0x00007fd07c183800 Uncommon trap: reason=unstable_if action=reinterpret pc=0x000000010de40ed4 method=java.lang.ref.SoftReference.get()Ljava/lang/Object; @ 17
Event: 3.078 Thread 0x00007fd07c183800 Uncommon trap: reason=unstable_if action=reinterpret pc=0x000000010de414c0 method=java.util.HashMap.hash(Ljava/lang/Object;)I @ 1
Event: 3.078 Thread 0x00007fd07c183800 Uncommon trap: reason=unstable_if action=reinterpret pc=0x000000010df66370 method=java.util.HashMap.hash(Ljava/lang/Object;)I @ 1
Event: 3.078 Thread 0x00007fd07c183800 Uncommon trap: reason=unstable_if action=reinterpret pc=0x000000010ddef368 method=java.util.HashMap.hash(Ljava/lang/Object;)I @ 1
Event: 18.079 Thread 0x00007fd07c183800 Uncommon trap: reason=unstable_if action=reinterpret pc=0x000000010e031028 method=com.sun.javafx.css.SimpleSelector.stateMatches(Ljavafx/css/Styleable;Ljava/util/Set;)Z @ 1
Event: 116.165 Thread 0x00007fd07e8ef800 Uncommon trap: reason=unstable_if action=reinterpret pc=0x000000010e1de624 method=java.lang.ThreadLocal.get()Ljava/lang/Object; @ 11
Event: 154.515 Thread 0x00007fd07c183800 Uncommon trap: reason=unstable_if action=reinterpret pc=0x000000010e30c7f0 method=java.util.concurrent.locks.ReentrantLock$NonfairSync.lock()V @ 6
Event: 154.515 Thread 0x00007fd07c183800 Uncommon trap: reason=unstable_if action=reinterpret pc=0x000000010e2fcbb4 method=java.util.concurrent.locks.ReentrantLock$Sync.tryRelease(I)Z @ 28

Internal exceptions (10 events):
Event: 3.078 Thread 0x00007fd07c183800 Implicit null exception at 0x000000010de41275 to 0x000000010de414b1
Event: 3.078 Thread 0x00007fd07c183800 Implicit null exception at 0x000000010df662d8 to 0x000000010df66366
Event: 3.078 Thread 0x00007fd07c183800 Implicit null exception at 0x000000010ddef2ef to 0x000000010ddef359
Event: 18.079 Thread 0x00007fd07c183800 Implicit null exception at 0x000000010e0307e5 to 0x000000010e030ffd
Event: 18.348 Thread 0x00007fd07c183800 Exception <a 'java/lang/reflect/InvocationTargetException'> (0x0000000796b77410) thrown at [/Users/java_re/workspace/8-2-build-macosx-x86_64/jdk8u151/9699/hotspot/src/share/vm/runtime/reflection.cpp, line 1092]
Event: 18.348 Thread 0x00007fd07c183800 Exception <a 'java/lang/RuntimeException'> (0x0000000796b77c00) thrown at [/Users/java_re/workspace/8-2-build-macosx-x86_64/jdk8u151/9699/hotspot/src/share/vm/prims/jvm.cpp, line 1394]
Event: 116.160 Thread 0x00007fd07c183800 Exception <a 'java/lang/NullPointerException'> (0x0000000796f660a8) thrown at [/Users/java_re/workspace/8-2-build-macosx-x86_64/jdk8u151/9699/hotspot/src/share/vm/interpreter/linkResolver.cpp, line 1183]
Event: 116.160 Thread 0x00007fd07c183800 Exception <a 'java/lang/reflect/InvocationTargetException'> (0x0000000796f66498) thrown at [/Users/java_re/workspace/8-2-build-macosx-x86_64/jdk8u151/9699/hotspot/src/share/vm/runtime/reflection.cpp, line 1092]
Event: 116.160 Thread 0x00007fd07c183800 Exception <a 'java/lang/RuntimeException'> (0x0000000796f66c88) thrown at [/Users/java_re/workspace/8-2-build-macosx-x86_64/jdk8u151/9699/hotspot/src/share/vm/prims/jvm.cpp, line 1394]
Event: 116.165 Thread 0x00007fd07e8ef800 Implicit null exception at 0x000000010e1de548 to 0x000000010e1de611

Events (10 events):
Event: 157.195 loading class java/awt/Toolkit$5
Event: 157.195 loading class java/awt/Toolkit$5 done
Event: 157.195 loading class sun/util/CoreResourceBundleControl
Event: 157.195 loading class sun/util/CoreResourceBundleControl done
Event: 157.195 loading class sun/awt/resources/awt
Event: 157.197 loading class sun/awt/resources/awt done
Event: 157.197 loading class java/awt/Toolkit$3
Event: 157.197 loading class java/awt/Toolkit$3 done
Event: 157.217 loading class sun/misc/ThreadGroupUtils
Event: 157.217 loading class sun/misc/ThreadGroupUtils done


Dynamic libraries:
0x00000000168dd000 	/System/Library/Frameworks/Cocoa.framework/Versions/A/Cocoa
0x00000000168dd000 	/System/Library/Frameworks/Security.framework/Versions/A/Security
0x00000000168dd000 	/System/Library/Frameworks/ApplicationServices.framework/Versions/A/ApplicationServices
0x00000000168dd000 	/usr/lib/libz.1.dylib
0x00000000168dd000 	/usr/lib/libSystem.B.dylib
0x00000000168dd000 	/usr/lib/libobjc.A.dylib
0x00000000168dd000 	/System/Library/Frameworks/CoreFoundation.framework/Versions/A/CoreFoundation
0x00000000168dd000 	/System/Library/Frameworks/Foundation.framework/Versions/C/Foundation
0x00000000168dd000 	/System/Library/Frameworks/AppKit.framework/Versions/C/AppKit
0x00000000168dd000 	/System/Library/Frameworks/CoreData.framework/Versions/A/CoreData
0x00000000168dd000 	/System/Library/PrivateFrameworks/RemoteViewServices.framework/Versions/A/RemoteViewServices
0x00000000168dd000 	/System/Library/PrivateFrameworks/UIFoundation.framework/Versions/A/UIFoundation
0x00000000168dd000 	/System/Library/PrivateFrameworks/XCTTargetBootstrap.framework/Versions/A/XCTTargetBootstrap
0x00000000168dd000 	/System/Library/PrivateFrameworks/IconServices.framework/Versions/A/IconServices
0x00000000168dd000 	/System/Library/Frameworks/Metal.framework/Versions/A/Metal
0x00000000168dd000 	/System/Library/PrivateFrameworks/DesktopServicesPriv.framework/Versions/A/DesktopServicesPriv
0x00000000168dd000 	/usr/lib/libenergytrace.dylib
0x00000000168dd000 	/System/Library/PrivateFrameworks/SkyLight.framework/Versions/A/SkyLight
0x00000000168dd000 	/System/Library/Frameworks/CoreGraphics.framework/Versions/A/CoreGraphics
0x00000000168dd000 	/System/Library/Frameworks/Accelerate.framework/Versions/A/Accelerate
0x00000000168dd000 	/System/Library/Frameworks/IOSurface.framework/Versions/A/IOSurface
0x00000000168dd000 	/System/Library/PrivateFrameworks/DFRFoundation.framework/Versions/A/DFRFoundation
0x00000000168dd000 	/System/Library/Frameworks/AudioToolbox.framework/Versions/A/AudioToolbox
0x00000000168dd000 	/System/Library/Frameworks/AudioUnit.framework/Versions/A/AudioUnit
0x00000000168dd000 	/System/Library/PrivateFrameworks/DataDetectorsCore.framework/Versions/A/DataDetectorsCore
0x00000000168dd000 	/System/Library/Frameworks/Carbon.framework/Versions/A/Frameworks/HIToolbox.framework/Versions/A/HIToolbox
0x00000000168dd000 	/usr/lib/libicucore.A.dylib
0x00000000168dd000 	/System/Library/Frameworks/QuartzCore.framework/Versions/A/QuartzCore
0x00000000168dd000 	/System/Library/Frameworks/Carbon.framework/Versions/A/Frameworks/SpeechRecognition.framework/Versions/A/SpeechRecognition
0x00000000168dd000 	/usr/lib/libauto.dylib
0x00000000168dd000 	/usr/lib/libxml2.2.dylib
0x00000000168dd000 	/System/Library/PrivateFrameworks/CoreUI.framework/Versions/A/CoreUI
0x00000000168dd000 	/System/Library/Frameworks/CoreAudio.framework/Versions/A/CoreAudio
0x00000000168dd000 	/System/Library/Frameworks/DiskArbitration.framework/Versions/A/DiskArbitration
0x00000000168dd000 	/usr/lib/liblangid.dylib
0x00000000168dd000 	/System/Library/PrivateFrameworks/MultitouchSupport.framework/Versions/A/MultitouchSupport
0x00000000168dd000 	/System/Library/Frameworks/IOKit.framework/Versions/A/IOKit
0x00000000168dd000 	/usr/lib/libDiagnosticMessagesClient.dylib
0x00000000168dd000 	/System/Library/Frameworks/CoreServices.framework/Versions/A/CoreServices
0x00000000168dd000 	/System/Library/PrivateFrameworks/PerformanceAnalysis.framework/Versions/A/PerformanceAnalysis
0x00000000168dd000 	/System/Library/Frameworks/OpenGL.framework/Versions/A/OpenGL
0x00000000168dd000 	/System/Library/Frameworks/ColorSync.framework/Versions/A/ColorSync
0x00000000168dd000 	/System/Library/Frameworks/CoreImage.framework/Versions/A/CoreImage
0x00000000168dd000 	/System/Library/Frameworks/CoreText.framework/Versions/A/CoreText
0x00000000168dd000 	/System/Library/Frameworks/ImageIO.framework/Versions/A/ImageIO
0x00000000168dd000 	/System/Library/PrivateFrameworks/Backup.framework/Versions/A/Backup
0x00000000168dd000 	/usr/lib/libarchive.2.dylib
0x00000000168dd000 	/System/Library/Frameworks/CFNetwork.framework/Versions/A/CFNetwork
0x00000000168dd000 	/System/Library/Frameworks/SystemConfiguration.framework/Versions/A/SystemConfiguration
0x00000000168dd000 	/usr/lib/libCRFSuite.dylib
0x00000000168dd000 	/usr/lib/libc++.1.dylib
0x00000000168dd000 	/usr/lib/libc++abi.dylib
0x00000000168dd000 	/usr/lib/system/libcache.dylib
0x00000000168dd000 	/usr/lib/system/libcommonCrypto.dylib
0x00000000168dd000 	/usr/lib/system/libcompiler_rt.dylib
0x00000000168dd000 	/usr/lib/system/libcopyfile.dylib
0x00000000168dd000 	/usr/lib/system/libcorecrypto.dylib
0x00000000168dd000 	/usr/lib/system/libdispatch.dylib
0x00000000168dd000 	/usr/lib/system/libdyld.dylib
0x00000000168dd000 	/usr/lib/system/libkeymgr.dylib
0x00000000168dd000 	/usr/lib/system/liblaunch.dylib
0x00000000168dd000 	/usr/lib/system/libmacho.dylib
0x00000000168dd000 	/usr/lib/system/libquarantine.dylib
0x00000000168dd000 	/usr/lib/system/libremovefile.dylib
0x00000000168dd000 	/usr/lib/system/libsystem_asl.dylib
0x00000000168dd000 	/usr/lib/system/libsystem_blocks.dylib
0x00000000168dd000 	/usr/lib/system/libsystem_c.dylib
0x00000000168dd000 	/usr/lib/system/libsystem_configuration.dylib
0x00000000168dd000 	/usr/lib/system/libsystem_coreservices.dylib
0x00000000168dd000 	/usr/lib/system/libsystem_darwin.dylib
0x00000000168dd000 	/usr/lib/system/libsystem_dnssd.dylib
0x00000000168dd000 	/usr/lib/system/libsystem_info.dylib
0x00000000168dd000 	/usr/lib/system/libsystem_m.dylib
0x00000000168dd000 	/usr/lib/system/libsystem_malloc.dylib
0x00000000168dd000 	/usr/lib/system/libsystem_networkextension.dylib
0x00000000168dd000 	/usr/lib/system/libsystem_notify.dylib
0x00000000168dd000 	/usr/lib/system/libsystem_sandbox.dylib
0x00000000168dd000 	/usr/lib/system/libsystem_secinit.dylib
0x00000000168dd000 	/usr/lib/system/libsystem_kernel.dylib
0x00000000168dd000 	/usr/lib/system/libsystem_platform.dylib
0x00000000168dd000 	/usr/lib/system/libsystem_pthread.dylib
0x00000000168dd000 	/usr/lib/system/libsystem_symptoms.dylib
0x00000000168dd000 	/usr/lib/system/libsystem_trace.dylib
0x00000000168dd000 	/usr/lib/system/libunwind.dylib
0x00000000168dd000 	/usr/lib/system/libxpc.dylib
0x00000000168dd000 	/usr/lib/libbsm.0.dylib
0x00000000168dd000 	/usr/lib/system/libkxld.dylib
0x00000000168dd000 	/System/Library/PrivateFrameworks/AppleFSCompression.framework/Versions/A/AppleFSCompression
0x00000000168dd000 	/usr/lib/libOpenScriptingUtil.dylib
0x00000000168dd000 	/usr/lib/libcoretls.dylib
0x00000000168dd000 	/usr/lib/libcoretls_cfhelpers.dylib
0x00000000168dd000 	/usr/lib/libpam.2.dylib
0x00000000168dd000 	/usr/lib/libsqlite3.dylib
0x00000000168dd000 	/usr/lib/libxar.1.dylib
0x00000000168dd000 	/usr/lib/libbz2.1.0.dylib
0x00000000168dd000 	/usr/lib/liblzma.5.dylib
0x00000000168dd000 	/usr/lib/libnetwork.dylib
0x00000000168dd000 	/usr/lib/libapple_nghttp2.dylib
0x00000000168dd000 	/usr/lib/libpcap.A.dylib
0x00000000168dd000 	/System/Library/Frameworks/CoreServices.framework/Versions/A/Frameworks/FSEvents.framework/Versions/A/FSEvents
0x00000000168dd000 	/System/Library/Frameworks/CoreServices.framework/Versions/A/Frameworks/CarbonCore.framework/Versions/A/CarbonCore
0x00000000168dd000 	/System/Library/Frameworks/CoreServices.framework/Versions/A/Frameworks/Metadata.framework/Versions/A/Metadata
0x00000000168dd000 	/System/Library/Frameworks/CoreServices.framework/Versions/A/Frameworks/OSServices.framework/Versions/A/OSServices
0x00000000168dd000 	/System/Library/Frameworks/CoreServices.framework/Versions/A/Frameworks/SearchKit.framework/Versions/A/SearchKit
0x00000000168dd000 	/System/Library/Frameworks/CoreServices.framework/Versions/A/Frameworks/AE.framework/Versions/A/AE
0x00000000168dd000 	/System/Library/Frameworks/CoreServices.framework/Versions/A/Frameworks/LaunchServices.framework/Versions/A/LaunchServices
0x00000000168dd000 	/System/Library/Frameworks/CoreServices.framework/Versions/A/Frameworks/DictionaryServices.framework/Versions/A/DictionaryServices
0x00000000168dd000 	/System/Library/Frameworks/CoreServices.framework/Versions/A/Frameworks/SharedFileList.framework/Versions/A/SharedFileList
0x00000000168dd000 	/System/Library/Frameworks/NetFS.framework/Versions/A/NetFS
0x00000000168dd000 	/System/Library/PrivateFrameworks/NetAuth.framework/Versions/A/NetAuth
0x00000000168dd000 	/System/Library/PrivateFrameworks/login.framework/Versions/A/Frameworks/loginsupport.framework/Versions/A/loginsupport
0x00000000168dd000 	/System/Library/PrivateFrameworks/TCC.framework/Versions/A/TCC
0x00000000168dd000 	/System/Library/PrivateFrameworks/CoreNLP.framework/Versions/A/CoreNLP
0x00000000168dd000 	/System/Library/PrivateFrameworks/MetadataUtilities.framework/Versions/A/MetadataUtilities
0x00000000168dd000 	/usr/lib/libmecabra.dylib
0x00000000168dd000 	/System/Library/Frameworks/ApplicationServices.framework/Versions/A/Frameworks/ATS.framework/Versions/A/ATS
0x00000000168dd000 	/System/Library/Frameworks/ApplicationServices.framework/Versions/A/Frameworks/ColorSyncLegacy.framework/Versions/A/ColorSyncLegacy
0x00000000168dd000 	/System/Library/Frameworks/ApplicationServices.framework/Versions/A/Frameworks/HIServices.framework/Versions/A/HIServices
0x00000000168dd000 	/System/Library/Frameworks/ApplicationServices.framework/Versions/A/Frameworks/LangAnalysis.framework/Versions/A/LangAnalysis
0x00000000168dd000 	/System/Library/Frameworks/ApplicationServices.framework/Versions/A/Frameworks/PrintCore.framework/Versions/A/PrintCore
0x00000000168dd000 	/System/Library/Frameworks/ApplicationServices.framework/Versions/A/Frameworks/QD.framework/Versions/A/QD
0x00000000168dd000 	/System/Library/Frameworks/ApplicationServices.framework/Versions/A/Frameworks/SpeechSynthesis.framework/Versions/A/SpeechSynthesis
0x00000000168dd000 	/usr/lib/libcompression.dylib
0x00000000168dd000 	/System/Library/Frameworks/CoreDisplay.framework/Versions/A/CoreDisplay
0x00000000168dd000 	/System/Library/Frameworks/MetalPerformanceShaders.framework/Versions/A/MetalPerformanceShaders
0x00000000168dd000 	/System/Library/Frameworks/Accelerate.framework/Versions/A/Frameworks/vImage.framework/Versions/A/vImage
0x00000000168dd000 	/System/Library/Frameworks/Accelerate.framework/Versions/A/Frameworks/vecLib.framework/Versions/A/vecLib
0x00000000168dd000 	/System/Library/Frameworks/Accelerate.framework/Versions/A/Frameworks/vecLib.framework/Versions/A/libvMisc.dylib
0x00000000168dd000 	/System/Library/Frameworks/Accelerate.framework/Versions/A/Frameworks/vecLib.framework/Versions/A/libvDSP.dylib
0x00000000168dd000 	/System/Library/Frameworks/Accelerate.framework/Versions/A/Frameworks/vecLib.framework/Versions/A/libBLAS.dylib
0x00000000168dd000 	/System/Library/Frameworks/Accelerate.framework/Versions/A/Frameworks/vecLib.framework/Versions/A/libLAPACK.dylib
0x00000000168dd000 	/System/Library/Frameworks/Accelerate.framework/Versions/A/Frameworks/vecLib.framework/Versions/A/libLinearAlgebra.dylib
0x00000000168dd000 	/System/Library/Frameworks/Accelerate.framework/Versions/A/Frameworks/vecLib.framework/Versions/A/libSparseBLAS.dylib
0x00000000168dd000 	/System/Library/Frameworks/Accelerate.framework/Versions/A/Frameworks/vecLib.framework/Versions/A/libQuadrature.dylib
0x00000000168dd000 	/System/Library/Frameworks/Accelerate.framework/Versions/A/Frameworks/vecLib.framework/Versions/A/libBNNS.dylib
0x00000000168dd000 	/System/Library/Frameworks/Accelerate.framework/Versions/A/Frameworks/vecLib.framework/Versions/A/libSparse.dylib
0x00000000168dd000 	/System/Library/PrivateFrameworks/GPUWrangler.framework/Versions/A/GPUWrangler
0x00000000168dd000 	/System/Library/PrivateFrameworks/IOAccelerator.framework/Versions/A/IOAccelerator
0x00000000168dd000 	/System/Library/PrivateFrameworks/IOPresentment.framework/Versions/A/IOPresentment
0x00000000168dd000 	/System/Library/PrivateFrameworks/DSExternalDisplay.framework/Versions/A/DSExternalDisplay
0x00000000168dd000 	/System/Library/Frameworks/OpenGL.framework/Versions/A/Libraries/libCoreFSCache.dylib
0x00000000168dd000 	/System/Library/Frameworks/MetalPerformanceShaders.framework/Frameworks/MPSCore.framework/Versions/A/MPSCore
0x00000000168dd000 	/System/Library/Frameworks/MetalPerformanceShaders.framework/Frameworks/MPSImage.framework/Versions/A/MPSImage
0x00000000168dd000 	/System/Library/Frameworks/MetalPerformanceShaders.framework/Frameworks/MPSNeuralNetwork.framework/Versions/A/MPSNeuralNetwork
0x00000000168dd000 	/System/Library/Frameworks/MetalPerformanceShaders.framework/Frameworks/MPSMatrix.framework/Versions/A/MPSMatrix
0x00000000168dd000 	/System/Library/Frameworks/MetalPerformanceShaders.framework/Frameworks/MPSRayIntersector.framework/Versions/A/MPSRayIntersector
0x00000000168dd000 	/System/Library/PrivateFrameworks/MetalTools.framework/Versions/A/MetalTools
0x00000000168dd000 	/System/Library/PrivateFrameworks/AggregateDictionary.framework/Versions/A/AggregateDictionary
0x00000000168dd000 	/usr/lib/libMobileGestalt.dylib
0x00000000168dd000 	/System/Library/Frameworks/CoreVideo.framework/Versions/A/CoreVideo
0x00000000168dd000 	/System/Library/PrivateFrameworks/GraphVisualizer.framework/Versions/A/GraphVisualizer
0x00000000168dd000 	/System/Library/PrivateFrameworks/FaceCore.framework/Versions/A/FaceCore
0x00000000168dd000 	/System/Library/Frameworks/OpenCL.framework/Versions/A/OpenCL
0x00000000168dd000 	/usr/lib/libFosl_dynamic.dylib
0x00000000168dd000 	/System/Library/PrivateFrameworks/OTSVG.framework/Versions/A/OTSVG
0x00000000168dd000 	/System/Library/Frameworks/ApplicationServices.framework/Versions/A/Frameworks/ATS.framework/Versions/A/Resources/libFontParser.dylib
0x00000000168dd000 	/System/Library/Frameworks/ApplicationServices.framework/Versions/A/Frameworks/ATS.framework/Versions/A/Resources/libFontRegistry.dylib
0x00000000168dd000 	/System/Library/Frameworks/ImageIO.framework/Versions/A/Resources/libJPEG.dylib
0x00000000168dd000 	/System/Library/Frameworks/ImageIO.framework/Versions/A/Resources/libTIFF.dylib
0x00000000168dd000 	/System/Library/Frameworks/ImageIO.framework/Versions/A/Resources/libPng.dylib
0x00000000168dd000 	/System/Library/Frameworks/ImageIO.framework/Versions/A/Resources/libGIF.dylib
0x00000000168dd000 	/System/Library/Frameworks/ImageIO.framework/Versions/A/Resources/libJP2.dylib
0x00000000168dd000 	/System/Library/Frameworks/ImageIO.framework/Versions/A/Resources/libRadiance.dylib
0x00000000168dd000 	/System/Library/PrivateFrameworks/AppleJPEG.framework/Versions/A/AppleJPEG
0x00000000168dd000 	/System/Library/Frameworks/OpenGL.framework/Versions/A/Libraries/libGFXShared.dylib
0x00000000168dd000 	/System/Library/Frameworks/OpenGL.framework/Versions/A/Libraries/libGLU.dylib
0x00000000168dd000 	/System/Library/Frameworks/OpenGL.framework/Versions/A/Libraries/libGL.dylib
0x00000000168dd000 	/System/Library/Frameworks/OpenGL.framework/Versions/A/Libraries/libGLImage.dylib
0x00000000168dd000 	/System/Library/Frameworks/OpenGL.framework/Versions/A/Libraries/libCVMSPluginSupport.dylib
0x00000000168dd000 	/System/Library/Frameworks/OpenGL.framework/Versions/A/Libraries/libCoreVMClient.dylib
0x00000000168dd000 	/usr/lib/libcups.2.dylib
0x00000000168dd000 	/System/Library/Frameworks/Kerberos.framework/Versions/A/Kerberos
0x00000000168dd000 	/System/Library/Frameworks/GSS.framework/Versions/A/GSS
0x00000000168dd000 	/usr/lib/libresolv.9.dylib
0x00000000168dd000 	/usr/lib/libiconv.2.dylib
0x00000000168dd000 	/System/Library/PrivateFrameworks/Heimdal.framework/Versions/A/Heimdal
0x00000000168dd000 	/usr/lib/libheimdal-asn1.dylib
0x00000000168dd000 	/System/Library/Frameworks/OpenDirectory.framework/Versions/A/OpenDirectory
0x00000000168dd000 	/System/Library/PrivateFrameworks/CommonAuth.framework/Versions/A/CommonAuth
0x00000000168dd000 	/System/Library/Frameworks/OpenDirectory.framework/Versions/A/Frameworks/CFOpenDirectory.framework/Versions/A/CFOpenDirectory
0x00000000168dd000 	/System/Library/Frameworks/SecurityFoundation.framework/Versions/A/SecurityFoundation
0x00000000168dd000 	/System/Library/PrivateFrameworks/APFS.framework/Versions/A/APFS
0x00000000168dd000 	/usr/lib/libutil.dylib
0x00000000168dd000 	/usr/lib/libcharset.1.dylib
0x00000000168dd000 	/System/Library/PrivateFrameworks/AppleSauce.framework/Versions/A/AppleSauce
0x00000000168dd000 	/System/Library/PrivateFrameworks/AssertionServices.framework/Versions/A/AssertionServices
0x00000000168dd000 	/System/Library/PrivateFrameworks/BaseBoard.framework/Versions/A/BaseBoard
0x00000000168dd000 	/usr/lib/libmecab.1.0.0.dylib
0x00000000168dd000 	/usr/lib/libgermantok.dylib
0x00000000168dd000 	/usr/lib/libThaiTokenizer.dylib
0x00000000168dd000 	/usr/lib/libChineseTokenizer.dylib
0x00000000168dd000 	/System/Library/PrivateFrameworks/LanguageModeling.framework/Versions/A/LanguageModeling
0x00000000168dd000 	/System/Library/PrivateFrameworks/CoreEmoji.framework/Versions/A/CoreEmoji
0x00000000168dd000 	/System/Library/PrivateFrameworks/Lexicon.framework/Versions/A/Lexicon
0x00000000168dd000 	/System/Library/PrivateFrameworks/LinguisticData.framework/Versions/A/LinguisticData
0x00000000168dd000 	/usr/lib/libcmph.dylib
0x00000000168dd000 	/System/Library/Frameworks/ServiceManagement.framework/Versions/A/ServiceManagement
0x00000000168dd000 	/System/Library/PrivateFrameworks/BackgroundTaskManagement.framework/Versions/A/BackgroundTaskManagement
0x00000000168dd000 	/usr/lib/libxslt.1.dylib
0x00000000168dd000 	/System/Library/Frameworks/Carbon.framework/Versions/A/Frameworks/Ink.framework/Versions/A/Ink
0x00000000168dd000 	/System/Library/PrivateFrameworks/TextureIO.framework/Versions/A/TextureIO
0x00000000168dd000 	/usr/lib/libate.dylib
0x00000000168dd000 	/System/Library/PrivateFrameworks/CrashReporterSupport.framework/Versions/A/CrashReporterSupport
0x00000000168dd000 	/System/Library/PrivateFrameworks/Sharing.framework/Versions/A/Sharing
0x00000000168dd000 	/System/Library/PrivateFrameworks/AuthKit.framework/Versions/A/AuthKit
0x00000000168dd000 	/System/Library/PrivateFrameworks/Apple80211.framework/Versions/A/Apple80211
0x00000000168dd000 	/System/Library/PrivateFrameworks/CoreUtils.framework/Versions/A/CoreUtils
0x00000000168dd000 	/System/Library/Frameworks/CoreWLAN.framework/Versions/A/CoreWLAN
0x00000000168dd000 	/System/Library/Frameworks/IOBluetooth.framework/Versions/A/IOBluetooth
0x00000000168dd000 	/System/Library/PrivateFrameworks/ProtocolBuffer.framework/Versions/A/ProtocolBuffer
0x00000000168dd000 	/System/Library/PrivateFrameworks/MobileKeyBag.framework/Versions/A/MobileKeyBag
0x00000000168dd000 	/System/Library/PrivateFrameworks/CorePhoneNumbers.framework/Versions/A/CorePhoneNumbers
0x00000000168dd000 	/System/Library/PrivateFrameworks/AppleIDAuthSupport.framework/Versions/A/AppleIDAuthSupport
0x00000000168dd000 	/System/Library/PrivateFrameworks/KeychainCircle.framework/Versions/A/KeychainCircle
0x00000000168dd000 	/System/Library/PrivateFrameworks/ROCKit.framework/Versions/A/ROCKit
0x00000000168dd000 	/System/Library/PrivateFrameworks/CoreWiFi.framework/Versions/A/CoreWiFi
0x00000000168dd000 	/System/Library/Frameworks/CoreBluetooth.framework/Versions/A/CoreBluetooth
0x00000000168dd000 	/System/Library/PrivateFrameworks/DebugSymbols.framework/Versions/A/DebugSymbols
0x00000000168dd000 	/System/Library/PrivateFrameworks/CoreSymbolication.framework/Versions/A/CoreSymbolication
0x00000000168dd000 	/System/Library/PrivateFrameworks/Symbolication.framework/Versions/A/Symbolication
0x00000000168dd000 	/System/Library/PrivateFrameworks/SpeechRecognitionCore.framework/Versions/A/SpeechRecognitionCore
0x000000010ca00000 	/Library/Java/JavaVirtualMachines/jdk1.8.0_151.jdk/Contents/Home/jre/lib/server/libjvm.dylib
0x00000000168dd000 	/usr/lib/libstdc++.6.dylib
0x000000010c1a1000 	/Library/Java/JavaVirtualMachines/jdk1.8.0_151.jdk/Contents/Home/jre/lib/libverify.dylib
0x000000010c1af000 	/Library/Java/JavaVirtualMachines/jdk1.8.0_151.jdk/Contents/Home/jre/lib/libjava.dylib
0x000000010d9a7000 	/Library/Java/JavaVirtualMachines/jdk1.8.0_151.jdk/Contents/Home/jre/lib/libinstrument.dylib
0x000000010c1ef000 	/Library/Java/JavaVirtualMachines/jdk1.8.0_151.jdk/Contents/Home/jre/lib/libzip.dylib
0x00000000168dd000 	/System/Library/Frameworks/JavaVM.framework/Versions/A/Frameworks/JavaRuntimeSupport.framework/Versions/A/JavaRuntimeSupport
0x00000000168dd000 	/System/Library/Frameworks/JavaVM.framework/Versions/A/Frameworks/JavaNativeFoundation.framework/Versions/A/JavaNativeFoundation
0x00000000168dd000 	/System/Library/Frameworks/JavaVM.framework/Versions/A/JavaVM
0x00000000168dd000 	/System/Library/Frameworks/Carbon.framework/Versions/A/Carbon
0x00000000168dd000 	/System/Library/PrivateFrameworks/JavaLaunching.framework/Versions/A/JavaLaunching
0x00000000168dd000 	/System/Library/Frameworks/Carbon.framework/Versions/A/Frameworks/CommonPanels.framework/Versions/A/CommonPanels
0x00000000168dd000 	/System/Library/Frameworks/Carbon.framework/Versions/A/Frameworks/Help.framework/Versions/A/Help
0x00000000168dd000 	/System/Library/Frameworks/Carbon.framework/Versions/A/Frameworks/ImageCapture.framework/Versions/A/ImageCapture
0x00000000168dd000 	/System/Library/Frameworks/Carbon.framework/Versions/A/Frameworks/OpenScripting.framework/Versions/A/OpenScripting
0x00000000168dd000 	/System/Library/Frameworks/Carbon.framework/Versions/A/Frameworks/Print.framework/Versions/A/Print
0x00000000168dd000 	/System/Library/Frameworks/Carbon.framework/Versions/A/Frameworks/SecurityHI.framework/Versions/A/SecurityHI
0x0000000124f62000 	/Library/Java/JavaVirtualMachines/jdk1.8.0_151.jdk/Contents/Home/jre/lib/libnet.dylib
0x0000000125057000 	/Library/Java/JavaVirtualMachines/jdk1.8.0_151.jdk/Contents/Home/jre/lib/libprism_es2.dylib
0x00000000168dd000 	/System/Library/PrivateFrameworks/CoreServicesInternal.framework/Versions/A/CoreServicesInternal
0x00000000168dd000 	/System/Library/Frameworks/OpenGL.framework/Versions/A/Resources/GLEngine.bundle/GLEngine
0x00000000168dd000 	/System/Library/Frameworks/OpenGL.framework/Versions/A/Libraries/libGLProgrammability.dylib
0x00000000168dd000 	/System/Library/Extensions/AppleIntelSKLGraphicsGLDriver.bundle/Contents/MacOS/AppleIntelSKLGraphicsGLDriver
0x00000000168dd000 	/System/Library/PrivateFrameworks/GPUSupport.framework/Versions/A/Libraries/libGPUSupportMercury.dylib
0x00000000168dd000 	/System/Library/Frameworks/OpenGL.framework/Versions/A/Resources/GLRendererFloat.bundle/GLRendererFloat
0x00000000168dd000 	/System/Library/Frameworks/OpenCL.framework/Versions/A/Libraries/libcldcpuengine.dylib
0x00000000168dd000 	/usr/lib/libcrypto.35.dylib
0x00000000168dd000 	/System/Library/PrivateFrameworks/TrustEvaluationAgent.framework/Versions/A/TrustEvaluationAgent
0x0000000125a7f000 	/Library/Java/JavaVirtualMachines/jdk1.8.0_151.jdk/Contents/Home/jre/lib/libglass.dylib
0x00000000168dd000 	/System/Library/CoreServices/RawCamera.bundle/Contents/MacOS/RawCamera
0x00000000168dd000 	/System/Library/PrivateFrameworks/MobileAsset.framework/Versions/A/MobileAsset
0x00000000168dd000 	/System/Library/PrivateFrameworks/StreamingZip.framework/Versions/A/StreamingZip
0x00000000168dd000 	/System/Library/Frameworks/MediaToolbox.framework/Versions/A/MediaToolbox
0x00000000168dd000 	/System/Library/PrivateFrameworks/CoreAVCHD.framework/Versions/A/CoreAVCHD
0x00000000168dd000 	/System/Library/Frameworks/MediaAccessibility.framework/Versions/A/MediaAccessibility
0x00000000168dd000 	/System/Library/PrivateFrameworks/Mangrove.framework/Versions/A/Mangrove
0x00000000168dd000 	/System/Library/Frameworks/CoreMedia.framework/Versions/A/CoreMedia
0x00000000168dd000 	/System/Library/Frameworks/VideoToolbox.framework/Versions/A/VideoToolbox
0x00000000168dd000 	/System/Library/PrivateFrameworks/CoreAUC.framework/Versions/A/CoreAUC
0x00000000168dd000 	/usr/lib/libspindump.dylib
0x00000000168dd000 	/System/Library/PrivateFrameworks/AppleVA.framework/Versions/A/AppleVA
0x00000000168dd000 	/System/Library/Frameworks/Accelerate.framework/Versions/A/Frameworks/vImage.framework/Versions/A/Libraries/libCGInterfaces.dylib
0x00000000168dd000 	/System/Library/PrivateFrameworks/FamilyControls.framework/Versions/A/FamilyControls
0x00000000168dd000 	/System/Library/PrivateFrameworks/CommerceKit.framework/Versions/A/Frameworks/CommerceCore.framework/Versions/A/CommerceCore
0x00000000168dd000 	/System/Library/PrivateFrameworks/SystemAdministration.framework/Versions/A/SystemAdministration
0x00000000168dd000 	/System/Library/PrivateFrameworks/AppContainer.framework/Versions/A/AppContainer
0x00000000168dd000 	/System/Library/PrivateFrameworks/AppSandbox.framework/Versions/A/AppSandbox
0x00000000168dd000 	/System/Library/PrivateFrameworks/SecCodeWrapper.framework/Versions/A/SecCodeWrapper
0x00000000168dd000 	/usr/lib/libsandbox.1.dylib
0x00000000168dd000 	/usr/lib/libMatch.1.dylib
0x00000000168dd000 	/System/Library/PrivateFrameworks/DiskManagement.framework/Versions/A/DiskManagement
0x00000000168dd000 	/System/Library/Frameworks/DirectoryService.framework/Versions/A/DirectoryService
0x00000000168dd000 	/System/Library/PrivateFrameworks/DiskImages.framework/Versions/A/DiskImages
0x00000000168dd000 	/System/Library/PrivateFrameworks/LoginUIKit.framework/Versions/A/Frameworks/LoginUICore.framework/Versions/A/LoginUICore
0x00000000168dd000 	/usr/lib/libCoreStorage.dylib
0x00000000168dd000 	/usr/lib/libcsfde.dylib
0x00000000168dd000 	/usr/lib/libodfde.dylib
0x00000000168dd000 	/System/Library/PrivateFrameworks/MediaKit.framework/Versions/A/MediaKit
0x00000000168dd000 	/System/Library/Frameworks/DiscRecording.framework/Versions/A/DiscRecording
0x00000000168dd000 	/System/Library/PrivateFrameworks/EFILogin.framework/Versions/A/EFILogin
0x00000000168dd000 	/System/Library/PrivateFrameworks/ProtectedCloudStorage.framework/Versions/A/ProtectedCloudStorage
0x00000000168dd000 	/usr/lib/libcurl.4.dylib
0x00000000168dd000 	/usr/lib/libcrypto.42.dylib
0x00000000168dd000 	/usr/lib/libssl.44.dylib
0x00000000168dd000 	/System/Library/Frameworks/LDAP.framework/Versions/A/LDAP
0x00000000168dd000 	/usr/lib/libsasl2.2.dylib
0x00000000168dd000 	/System/Library/PrivateFrameworks/CoreDaemon.framework/Versions/B/CoreDaemon
0x00000000168dd000 	/System/Library/PrivateFrameworks/AppleSRP.framework/Versions/A/AppleSRP
0x00000000168dd000 	/System/Library/PrivateFrameworks/ViewBridge.framework/Versions/A/ViewBridge
0x000000012541e000 	/Library/Java/JavaVirtualMachines/jdk1.8.0_151.jdk/Contents/Home/jre/lib/libjavafx_font.dylib
0x00000000168dd000 	/System/Library/Frameworks/ApplicationServices.framework/Versions/A/Frameworks/ATS.framework/Versions/A/Resources/libTrueTypeScaler.dylib
0x0000000128315000 	/usr/lib/libobjc-trampolines.dylib
0x00000000168dd000 	/System/Library/Extensions/AppleIntelSKLGraphicsMTLDriver.bundle/Contents/MacOS/AppleIntelSKLGraphicsMTLDriver
0x00000000168dd000 	/System/Library/PrivateFrameworks/GPUCompiler.framework/Versions/3902/Libraries/libmetal_timestamp.dylib
0x000000012b2b3000 	/Library/Java/JavaVirtualMachines/jdk1.8.0_151.jdk/Contents/Home/jre/lib/libprism_common.dylib
0x00000000168dd000 	/System/Library/PrivateFrameworks/login.framework/Versions/A/login
0x0000000128886000 	/Library/Java/JavaVirtualMachines/jdk1.8.0_151.jdk/Contents/Home/jre/lib/libawt.dylib
0x000000012892e000 	/Library/Java/JavaVirtualMachines/jdk1.8.0_151.jdk/Contents/Home/jre/lib/./libmlib_image.dylib
0x00000001289fa000 	/Library/Java/JavaVirtualMachines/jdk1.8.0_151.jdk/Contents/Home/jre/lib/libawt_lwawt.dylib
0x0000000128526000 	/Library/Java/JavaVirtualMachines/jdk1.8.0_151.jdk/Contents/Home/jre/lib/./libosxapp.dylib
0x00000000168dd000 	/System/Library/Frameworks/ExceptionHandling.framework/Versions/A/ExceptionHandling

VM Arguments:
jvm_args: -javaagent:/Applications/IntelliJ IDEA.app/Contents/lib/idea_rt.jar=58230:/Applications/IntelliJ IDEA.app/Contents/bin -Dfile.encoding=UTF-8 
java_command: MainLauncher
java_class_path (initial): /Library/Java/JavaVirtualMachines/jdk1.8.0_151.jdk/Contents/Home/jre/lib/charsets.jar:/Library/Java/JavaVirtualMachines/jdk1.8.0_151.jdk/Contents/Home/jre/lib/deploy.jar:/Library/Java/JavaVirtualMachines/jdk1.8.0_151.jdk/Contents/Home/jre/lib/ext/cldrdata.jar:/Library/Java/JavaVirtualMachines/jdk1.8.0_151.jdk/Contents/Home/jre/lib/ext/dnsns.jar:/Library/Java/JavaVirtualMachines/jdk1.8.0_151.jdk/Contents/Home/jre/lib/ext/jaccess.jar:/Library/Java/JavaVirtualMachines/jdk1.8.0_151.jdk/Contents/Home/jre/lib/ext/jfxrt.jar:/Library/Java/JavaVirtualMachines/jdk1.8.0_151.jdk/Contents/Home/jre/lib/ext/localedata.jar:/Library/Java/JavaVirtualMachines/jdk1.8.0_151.jdk/Contents/Home/jre/lib/ext/nashorn.jar:/Library/Java/JavaVirtualMachines/jdk1.8.0_151.jdk/Contents/Home/jre/lib/ext/sunec.jar:/Library/Java/JavaVirtualMachines/jdk1.8.0_151.jdk/Contents/Home/jre/lib/ext/sunjce_provider.jar:/Library/Java/JavaVirtualMachines/jdk1.8.0_151.jdk/Contents/Home/jre/lib/ext/sunpkcs11.jar:/Library/Java/JavaVirtualMachines/jdk1.8.0_151.jdk/Contents/Home/jre/lib/ext/zipfs.jar:/Library/Java/JavaVirtualMachines/jdk1.8.0_151.jdk/Contents/Home/jre/lib/javaws.jar:/Library/Java/JavaVirtualMachines/jdk1.8.0_151.jdk/Contents/Home/jre/lib/jce.jar:/Library/Java/JavaVirtualMachines/jdk1.8.0_151.jdk/Contents/Home/jre/lib/jfr.jar:/Library/Java/JavaVirtualMachines/jdk1.8.0_151.jdk/Contents/Home/jre/lib/jfxswt.jar:/Library/Java/JavaVirtualMachines/jdk1.8.0_151.jdk/Contents/Home/jre/lib/jsse.jar:/Library/Java/JavaVirtualMachines/jdk1.8.0_151.jdk/Contents/Home/jre/lib/management-agent.jar:/Library/Java/JavaVirtualMachines/jdk1.8.0_151.jdk/Contents/Home/jre/lib/plugin.jar:/Library/Java/JavaVirtualMachines/jdk1.8.0_151.jdk/Contents/Home/jre/lib/resources.jar:/Library/Java/JavaVirtualMachines/jdk1.8.0_151.jdk/Contents/Home/jre/lib/rt.jar:/Library/Java/JavaVirtualMachines/jdk1.8.0_151.jdk/Contents/Home/lib/ant-javafx.jar:/Library/Java/JavaVirtualMachines/jdk1.8.0_151.jdk/Contents/Home
Launcher Type: SUN_STANDARD

Environment Variables:
PATH=/Users/brycebarrett/anaconda3/bin:/usr/local/bin:/usr/bin:/bin:/usr/sbin:/sbin:/opt/X11/bin:/Applications/Wireshark.app/Contents/MacOS
SHELL=/bin/bash
DISPLAY=/private/tmp/com.apple.launchd.e1WDM59cYB/org.macosforge.xquartz:0

Signal Handlers:
SIGSEGV: [libjvm.dylib+0x5b27a5], sa_mask[0]=11111111011111110111111111111111, sa_flags=SA_ONSTACK|SA_RESTART|SA_SIGINFO
SIGBUS: [libjvm.dylib+0x5b27a5], sa_mask[0]=11111111011111110111111111111111, sa_flags=SA_RESTART|SA_SIGINFO
SIGFPE: [libjvm.dylib+0x4891c4], sa_mask[0]=11111111011111110111111111111111, sa_flags=SA_RESTART|SA_SIGINFO
SIGPIPE: [libjvm.dylib+0x4891c4], sa_mask[0]=11111111011111110111111111111111, sa_flags=SA_RESTART|SA_SIGINFO
SIGXFSZ: [libjvm.dylib+0x4891c4], sa_mask[0]=11111111011111110111111111111111, sa_flags=SA_RESTART|SA_SIGINFO
SIGILL: [libjvm.dylib+0x4891c4], sa_mask[0]=11111111011111110111111111111111, sa_flags=SA_RESTART|SA_SIGINFO
SIGUSR1: SIG_DFL, sa_mask[0]=00000000000000000000000000000000, sa_flags=none
SIGUSR2: [libjvm.dylib+0x488ce2], sa_mask[0]=00100000000000000000000000000000, sa_flags=SA_RESTART|SA_SIGINFO
SIGHUP: [libjvm.dylib+0x4872b9], sa_mask[0]=11111111011111110111111111111111, sa_flags=SA_RESTART|SA_SIGINFO
SIGINT: [libjvm.dylib+0x4872b9], sa_mask[0]=11111111011111110111111111111111, sa_flags=SA_RESTART|SA_SIGINFO
SIGTERM: [libjvm.dylib+0x4872b9], sa_mask[0]=11111111011111110111111111111111, sa_flags=SA_RESTART|SA_SIGINFO
SIGQUIT: [libjvm.dylib+0x4872b9], sa_mask[0]=11111111011111110111111111111111, sa_flags=SA_RESTART|SA_SIGINFO


---------------  S Y S T E M  ---------------

OS:Bsduname:Darwin 18.2.0 Darwin Kernel Version 18.2.0: Fri Oct  5 19:41:49 PDT 2018; root:xnu-4903.221.2~2/RELEASE_X86_64 x86_64
rlimit: STACK 8192k, CORE 0k, NPROC 709, NOFILE 10240, AS infinity
load average:2.71 2.67 2.59

CPU:total 4 (initial active 4) (2 cores per cpu, 2 threads per core) family 6 model 78 stepping 3, cmov, cx8, fxsr, mmx, sse, sse2, sse3, ssse3, sse4.1, sse4.2, popcnt, avx, avx2, aes, clmul, erms, rtm, 3dnowpref, lzcnt, ht, tsc, tscinvbit, bmi1, bmi2, adx

Memory: 4k page, physical 8388608k(279024k free)

/proc/meminfo:


vm_info: Java HotSpot(TM) 64-Bit Server VM (25.151-b12) for bsd-amd64 JRE (1.8.0_151-b12), built on Sep  5 2017 19:37:08 by "java_re" with gcc 4.2.1 (Based on Apple Inc. build 5658) (LLVM build 2336.11.00)

time: Sun Nov 25 16:07:01 2018
elapsed time: 157 seconds (0d 0h 2m 37s)

